
The List 'Species' has 31 Items.
Used species are:
N2 is species no. 0
	Composition: 2 N	0 O	0 H	0 C
	Coefficients of the nasa polynomials ( hot[7], cold[7] ): 2.926640e+00  	1.487977e-03  	-5.684760e-07 	1.009704e-10  	-6.753351e-15 	-9.227977e+02 	5.980528e+00  	3.298677e+00  	1.408240e-03  	-3.963222e-06 	5.641515e-09  	-2.444854e-12 	-1.020900e+03 	3.950372e+00  
	M = 2.801400e+01  	k/eps = 1.025326e-02  	sigma = 3.621000e+00  	muCoeff = 1.077526e-06  
	constant d_Coefficients are: 3.837287e-04  	3.888962e-04  	2.374326e-03  	5.704227e-04  	5.814957e-04  	1.283720e-03  	5.868125e-04  	3.861145e-04  	3.834791e-04  	3.806840e-04  	3.338904e-04  	6.224277e-04  	3.836694e-04  	4.539406e-04  	3.804931e-04  	4.372514e-04  	4.345198e-04  	3.150508e-04  	3.474803e-04  	3.439115e-04  	4.927127e-04  	2.654813e-04  	3.405752e-04  	3.490142e-04  	3.176740e-04  	2.640832e-04  	2.571933e-04  	2.481938e-04  	2.470272e-04  	2.470272e-04  	2.458873e-04  	
	constant omega_Coefficients are: 1.025326e-02  	9.770769e-03  	8.409049e-03  	1.132103e-02  	1.132103e-02  	1.642628e-02  	4.232345e-03  	9.770769e-03  	9.770769e-03  	1.022342e-02  	6.482402e-03  	1.132103e-02  	4.537496e-03  	8.515422e-03  	4.537496e-03  	8.438197e-03  	8.515422e-03  	6.374884e-03  	7.004187e-03  	7.004187e-03  	8.267710e-03  	5.397089e-03  	7.004187e-03  	6.042718e-03  	6.374884e-03  	6.378677e-03  	6.279777e-03  	6.199233e-03  	6.199233e-03  	6.199233e-03  	6.199233e-03  	

O2 is species no. 1
	Composition: 0 N	2 O	0 H	0 C
	Coefficients of the nasa polynomials ( hot[7], cold[7] ): 3.697578e+00  	6.135197e-04  	-1.258842e-07 	1.775281e-11  	-1.136435e-15 	-1.233930e+03 	3.189165e+00  	3.212936e+00  	1.127486e-03  	-5.756150e-07 	1.313877e-09  	-8.768554e-13 	-1.005249e+03 	6.034737e+00  
	M = 3.200000e+01  	k/eps = 9.310987e-03  	sigma = 3.458000e+00  	muCoeff = 1.262765e-06  
	constant d_Coefficients are: 3.888962e-04  	3.936805e-04  	2.511483e-03  	5.864653e-04  	5.984062e-04  	1.344517e-03  	6.035163e-04  	3.906634e-04  	3.878036e-04  	3.857404e-04  	3.355844e-04  	6.424577e-04  	3.886855e-04  	4.647457e-04  	3.852490e-04  	4.470579e-04  	4.439803e-04  	3.176580e-04  	3.518094e-04  	3.479691e-04  	5.004236e-04  	2.659136e-04  	3.443769e-04  	3.529545e-04  	3.204844e-04  	2.644033e-04  	2.572928e-04  	2.480467e-04  	2.467864e-04  	2.467864e-04  	2.455544e-04  	
	constant omega_Coefficients are: 9.770769e-03  	9.310987e-03  	8.013345e-03  	1.078830e-02  	1.078830e-02  	1.565331e-02  	4.033184e-03  	9.310987e-03  	9.310987e-03  	9.742342e-03  	6.177360e-03  	1.078830e-02  	4.323975e-03  	8.114713e-03  	4.323975e-03  	8.041121e-03  	8.114713e-03  	6.074901e-03  	6.674592e-03  	6.674592e-03  	7.878658e-03  	5.143118e-03  	6.674592e-03  	5.758367e-03  	6.074901e-03  	6.078516e-03  	5.984270e-03  	5.907517e-03  	5.907517e-03  	5.907517e-03  	5.907517e-03  	

H is species no. 2
	Composition: 0 N	0 O	1 H	0 C
	Coefficients of the nasa polynomials ( hot[7], cold[7] ): 2.500000e+00  	0.000000e+00  	0.000000e+00  	0.000000e+00  	0.000000e+00  	2.547162e+04  	-4.601176e-01 	2.500000e+00  	0.000000e+00  	0.000000e+00  	0.000000e+00  	0.000000e+00  	2.547162e+04  	-4.601176e-01 
	M = 1.008000e+00  	k/eps = 6.896552e-03  	sigma = 2.050000e+00  	muCoeff = 6.377052e-07  
	constant d_Coefficients are: 2.374326e-03  	2.511483e-03  	6.311475e-03  	3.351226e-03  	3.357127e-03  	3.719773e-03  	3.557672e-03  	2.510312e-03  	2.509210e-03  	2.350232e-03  	2.245434e-03  	3.379829e-03  	2.399055e-03  	2.312044e-03  	2.397702e-03  	2.264451e-03  	2.302284e-03  	1.890256e-03  	2.023038e-03  	2.021522e-03  	3.668015e-03  	1.638405e-03  	2.020119e-03  	2.106248e-03  	1.891318e-03  	1.637887e-03  	1.594958e-03  	1.535217e-03  	1.534795e-03  	1.534795e-03  	1.534385e-03  	
	constant omega_Coefficients are: 8.409049e-03  	8.013345e-03  	6.896552e-03  	9.284767e-03  	9.284767e-03  	1.347176e-02  	3.471092e-03  	8.013345e-03  	8.013345e-03  	8.384584e-03  	5.316442e-03  	9.284767e-03  	3.721357e-03  	6.983792e-03  	3.721357e-03  	6.920457e-03  	6.983792e-03  	5.228262e-03  	5.744376e-03  	5.744376e-03  	6.780635e-03  	4.426339e-03  	5.744376e-03  	4.955842e-03  	5.228262e-03  	5.231374e-03  	5.150262e-03  	5.084205e-03  	5.084205e-03  	5.084205e-03  	5.084205e-03  	

OH is species no. 3
	Composition: 0 N	1 O	1 H	0 C
	Coefficients of the nasa polynomials ( hot[7], cold[7] ): 2.882730e+00  	1.013974e-03  	-2.276877e-07 	2.174683e-11  	-5.126305e-16 	3.886888e+03  	5.595712e+00  	3.637266e+00  	1.850910e-04  	-1.676165e-06 	2.387202e-09  	-8.431442e-13 	3.606781e+03  	1.358861e+00  
	M = 1.700800e+01  	k/eps = 1.250000e-02  	sigma = 2.750000e+00  	muCoeff = 1.455656e-06  
	constant d_Coefficients are: 5.704227e-04  	5.864653e-04  	3.351226e-03  	8.538407e-04  	8.671844e-04  	1.745126e-03  	8.880184e-04  	5.833493e-04  	5.804027e-04  	5.652764e-04  	5.069638e-04  	9.169148e-04  	5.722342e-04  	6.437817e-04  	5.686739e-04  	6.214690e-04  	6.212189e-04  	4.594984e-04  	5.043925e-04  	5.004288e-04  	7.880868e-04  	3.879630e-04  	4.967323e-04  	5.123938e-04  	4.623671e-04  	3.864802e-04  	3.759988e-04  	3.620428e-04  	3.608179e-04  	3.608179e-04  	3.596226e-04  	
	constant omega_Coefficients are: 1.132103e-02  	1.078830e-02  	9.284767e-03  	1.250000e-02  	1.250000e-02  	1.813691e-02  	4.673101e-03  	1.078830e-02  	1.078830e-02  	1.128809e-02  	7.157479e-03  	1.250000e-02  	5.010030e-03  	9.402218e-03  	5.010030e-03  	9.316950e-03  	9.402218e-03  	7.038764e-03  	7.733603e-03  	7.733603e-03  	9.128709e-03  	5.959141e-03  	7.733603e-03  	6.672006e-03  	7.038764e-03  	7.042952e-03  	6.933752e-03  	6.844821e-03  	6.844821e-03  	6.844821e-03  	6.844821e-03  	

O is species no. 4
	Composition: 0 N	1 O	0 H	0 C
	Coefficients of the nasa polynomials ( hot[7], cold[7] ): 2.542059e+00  	-2.755061e-05 	-3.102803e-09 	4.551067e-12  	-4.368051e-16 	2.923080e+04  	4.920308e+00  	2.946428e+00  	-1.638167e-03 	2.421031e-06  	-1.602843e-09 	3.890696e-13  	2.914764e+04  	2.963995e+00  
	M = 1.600000e+01  	k/eps = 1.250000e-02  	sigma = 2.750000e+00  	muCoeff = 1.411861e-06  
	constant d_Coefficients are: 5.814957e-04  	5.984062e-04  	3.357127e-03  	8.671844e-04  	8.803259e-04  	1.750942e-03  	9.022925e-04  	5.953527e-04  	5.924658e-04  	5.762490e-04  	5.183541e-04  	9.293534e-04  	5.834881e-04  	6.528830e-04  	5.799969e-04  	6.305876e-04  	6.306459e-04  	4.686532e-04  	5.137667e-04  	5.098760e-04  	8.054455e-04  	3.963856e-04  	5.062485e-04  	5.223467e-04  	4.714661e-04  	3.949344e-04  	3.842837e-04  	3.700737e-04  	3.688755e-04  	3.688755e-04  	3.677064e-04  	
	constant omega_Coefficients are: 1.132103e-02  	1.078830e-02  	9.284767e-03  	1.250000e-02  	1.250000e-02  	1.813691e-02  	4.673101e-03  	1.078830e-02  	1.078830e-02  	1.128809e-02  	7.157479e-03  	1.250000e-02  	5.010030e-03  	9.402218e-03  	5.010030e-03  	9.316950e-03  	9.402218e-03  	7.038764e-03  	7.733603e-03  	7.733603e-03  	9.128709e-03  	5.959141e-03  	7.733603e-03  	6.672006e-03  	7.038764e-03  	7.042952e-03  	6.933752e-03  	6.844821e-03  	6.844821e-03  	6.844821e-03  	6.844821e-03  	

H2 is species no. 5
	Composition: 0 N	0 O	2 H	0 C
	Coefficients of the nasa polynomials ( hot[7], cold[7] ): 2.991423e+00  	7.000644e-04  	-5.633828e-08 	-9.231578e-12 	1.582752e-15  	-8.350340e+02 	-1.355110e+00 	3.298124e+00  	8.249441e-04  	-8.143015e-07 	-9.475434e-11 	4.134872e-13  	-1.012521e+03 	-3.294094e+00 
	M = 2.016000e+00  	k/eps = 2.631579e-02  	sigma = 2.920000e+00  	muCoeff = 4.445053e-07  
	constant d_Coefficients are: 1.283720e-03  	1.344517e-03  	3.719773e-03  	1.745126e-03  	1.750942e-03  	2.199672e-03  	1.832470e-03  	1.343299e-03  	1.342153e-03  	1.272417e-03  	1.214651e-03  	1.773231e-03  	1.294468e-03  	1.276728e-03  	1.293056e-03  	1.250988e-03  	1.266607e-03  	1.050609e-03  	1.118949e-03  	1.117334e-03  	1.849633e-03  	9.223011e-04  	1.115838e-03  	1.156563e-03  	1.051752e-03  	9.217317e-04  	8.999732e-04  	8.696877e-04  	8.692210e-04  	8.692210e-04  	8.687668e-04  	
	constant omega_Coefficients are: 1.642628e-02  	1.565331e-02  	1.347176e-02  	1.813691e-02  	1.813691e-02  	2.631579e-02  	6.780448e-03  	1.565331e-02  	1.565331e-02  	1.637848e-02  	1.038516e-02  	1.813691e-02  	7.269316e-03  	1.364217e-02  	7.269316e-03  	1.351845e-02  	1.364217e-02  	1.021291e-02  	1.122109e-02  	1.122109e-02  	1.324532e-02  	8.646431e-03  	1.122109e-02  	9.680764e-03  	1.021291e-02  	1.021899e-02  	1.006055e-02  	9.931510e-03  	9.931510e-03  	9.931510e-03  	9.931510e-03  	

H2O is species no. 6
	Composition: 0 N	1 O	2 H	0 C
	Coefficients of the nasa polynomials ( hot[7], cold[7] ): 2.672145e+00  	3.056293e-03  	-8.730260e-07 	1.200996e-10  	-6.391618e-15 	-2.989921e+04 	6.862817e+00  	3.386842e+00  	3.474982e-03  	-6.354696e-06 	6.968581e-09  	-2.506588e-12 	-3.020811e+04 	2.590232e+00  
	M = 1.801600e+01  	k/eps = 1.747030e-03  	sigma = 2.605000e+00  	muCoeff = 1.669595e-06  
	constant d_Coefficients are: 5.868125e-04  	6.035163e-04  	3.557672e-03  	8.880184e-04  	9.022925e-04  	1.832470e-03  	9.245368e-04  	6.001878e-04  	5.970396e-04  	5.813960e-04  	5.195033e-04  	9.554386e-04  	5.886693e-04  	6.649433e-04  	5.848724e-04  	6.413380e-04  	6.410230e-04  	4.703560e-04  	5.175997e-04  	5.133915e-04  	8.168412e-04  	3.954495e-04  	5.094659e-04  	5.258339e-04  	4.734009e-04  	3.938766e-04  	3.829584e-04  	3.684477e-04  	3.671494e-04  	3.671494e-04  	3.658821e-04  	
	constant omega_Coefficients are: 4.232345e-03  	4.033184e-03  	3.471092e-03  	4.673101e-03  	4.673101e-03  	6.780448e-03  	1.747030e-03  	4.033184e-03  	4.033184e-03  	4.220031e-03  	2.675810e-03  	4.673101e-03  	1.872990e-03  	3.515001e-03  	1.872990e-03  	3.483124e-03  	3.515001e-03  	2.631428e-03  	2.891193e-03  	2.891193e-03  	3.412751e-03  	2.227814e-03  	2.891193e-03  	2.494317e-03  	2.631428e-03  	2.632994e-03  	2.592170e-03  	2.558923e-03  	2.558923e-03  	2.558923e-03  	2.558923e-03  	

HO2 is species no. 7
	Composition: 0 N	2 O	1 H	0 C
	Coefficients of the nasa polynomials ( hot[7], cold[7] ): 4.072191e+00  	2.131296e-03  	-5.308145e-07 	6.112269e-11  	-2.841164e-15 	-1.579727e+02 	3.476029e+00  	2.979963e+00  	4.996697e-03  	-3.790997e-06 	2.354192e-09  	-8.089024e-13 	1.762273e+02  	9.222724e+00  
	M = 3.300800e+01  	k/eps = 9.310987e-03  	sigma = 3.458000e+00  	muCoeff = 1.282499e-06  
	constant d_Coefficients are: 3.861145e-04  	3.906634e-04  	2.510312e-03  	5.833493e-04  	5.953527e-04  	1.343299e-03  	6.001878e-04  	3.876228e-04  	3.847404e-04  	3.829814e-04  	3.326043e-04  	6.396146e-04  	3.858528e-04  	4.625780e-04  	3.823907e-04  	4.448705e-04  	4.417107e-04  	3.152992e-04  	3.494434e-04  	3.455768e-04  	4.961121e-04  	2.636722e-04  	3.419595e-04  	3.504275e-04  	3.181465e-04  	2.621490e-04  	2.550748e-04  	2.458866e-04  	2.446151e-04  	2.446151e-04  	2.433721e-04  	
	constant omega_Coefficients are: 9.770769e-03  	9.310987e-03  	8.013345e-03  	1.078830e-02  	1.078830e-02  	1.565331e-02  	4.033184e-03  	9.310987e-03  	9.310987e-03  	9.742342e-03  	6.177360e-03  	1.078830e-02  	4.323975e-03  	8.114713e-03  	4.323975e-03  	8.041121e-03  	8.114713e-03  	6.074901e-03  	6.674592e-03  	6.674592e-03  	7.878658e-03  	5.143118e-03  	6.674592e-03  	5.758367e-03  	6.074901e-03  	6.078516e-03  	5.984270e-03  	5.907517e-03  	5.907517e-03  	5.907517e-03  	5.907517e-03  	

H2O2 is species no. 8
	Composition: 0 N	2 O	2 H	0 C
	Coefficients of the nasa polynomials ( hot[7], cold[7] ): 4.573167e+00  	4.336136e-03  	-1.474689e-06 	2.348903e-10  	-1.431654e-14 	-1.800696e+04 	5.011369e-01  	3.388753e+00  	6.569226e-03  	-1.485012e-07 	-4.625805e-09 	2.471514e-12  	-1.766314e+04 	6.785363e+00  
	M = 3.401600e+01  	k/eps = 9.310987e-03  	sigma = 3.458000e+00  	muCoeff = 1.301934e-06  
	constant d_Coefficients are: 3.834791e-04  	3.878036e-04  	2.509210e-03  	5.804027e-04  	5.924658e-04  	1.342153e-03  	5.970396e-04  	3.847404e-04  	3.818363e-04  	3.803676e-04  	3.297762e-04  	6.369283e-04  	3.831688e-04  	4.605295e-04  	3.796822e-04  	4.428030e-04  	4.395650e-04  	3.130639e-04  	3.472029e-04  	3.433111e-04  	4.920217e-04  	2.615461e-04  	3.396696e-04  	3.480335e-04  	3.159314e-04  	2.600105e-04  	2.529706e-04  	2.438370e-04  	2.425548e-04  	2.425548e-04  	2.413012e-04  	
	constant omega_Coefficients are: 9.770769e-03  	9.310987e-03  	8.013345e-03  	1.078830e-02  	1.078830e-02  	1.565331e-02  	4.033184e-03  	9.310987e-03  	9.310987e-03  	9.742342e-03  	6.177360e-03  	1.078830e-02  	4.323975e-03  	8.114713e-03  	4.323975e-03  	8.041121e-03  	8.114713e-03  	6.074901e-03  	6.674592e-03  	6.674592e-03  	7.878658e-03  	5.143118e-03  	6.674592e-03  	5.758367e-03  	6.074901e-03  	6.078516e-03  	5.984270e-03  	5.907517e-03  	5.907517e-03  	5.907517e-03  	5.907517e-03  	

CO is species no. 9
	Composition: 0 N	1 O	0 H	1 C
	Coefficients of the nasa polynomials ( hot[7], cold[7] ): 3.025078e+00  	1.442689e-03  	-5.630827e-07 	1.018581e-10  	-6.910951e-15 	-1.426835e+04 	6.108217e+00  	3.262451e+00  	1.511941e-03  	-3.881755e-06 	5.581944e-09  	-2.474951e-12 	-1.431054e+04 	4.848897e+00  
	M = 2.801100e+01  	k/eps = 1.019368e-02  	sigma = 3.650000e+00  	muCoeff = 1.060415e-06  
	constant d_Coefficients are: 3.806840e-04  	3.857404e-04  	2.350232e-03  	5.652764e-04  	5.762490e-04  	1.272417e-03  	5.813960e-04  	3.829814e-04  	3.803676e-04  	3.776755e-04  	3.312939e-04  	6.168102e-04  	3.806123e-04  	4.503958e-04  	3.774615e-04  	4.338621e-04  	4.311274e-04  	3.127658e-04  	3.448934e-04  	3.413513e-04  	4.880924e-04  	2.636618e-04  	3.380401e-04  	3.463723e-04  	3.153698e-04  	2.622733e-04  	2.554495e-04  	2.465368e-04  	2.453781e-04  	2.453781e-04  	2.442459e-04  	
	constant omega_Coefficients are: 1.022342e-02  	9.742342e-03  	8.384584e-03  	1.128809e-02  	1.128809e-02  	1.637848e-02  	4.220031e-03  	9.742342e-03  	9.742342e-03  	1.019368e-02  	6.463542e-03  	1.128809e-02  	4.524294e-03  	8.490647e-03  	4.524294e-03  	8.413646e-03  	8.490647e-03  	6.356336e-03  	6.983809e-03  	6.983809e-03  	8.243656e-03  	5.381386e-03  	6.983809e-03  	6.025137e-03  	6.356336e-03  	6.360119e-03  	6.261506e-03  	6.181197e-03  	6.181197e-03  	6.181197e-03  	6.181197e-03  	

CO2 is species no. 10
	Composition: 0 N	2 O	0 H	1 C
	Coefficients of the nasa polynomials ( hot[7], cold[7] ): 4.453623e+00  	3.140168e-03  	-1.278411e-06 	2.393996e-10  	-1.669033e-14 	-4.896696e+04 	-9.553959e-01 	2.275724e+00  	9.922072e-03  	-1.040911e-05 	6.866686e-09  	-2.117280e-12 	-4.837314e+04 	1.018849e+01  
	M = 4.401100e+01  	k/eps = 4.098361e-03  	sigma = 3.763000e+00  	muCoeff = 1.250574e-06  
	constant d_Coefficients are: 3.338904e-04  	3.355844e-04  	2.245434e-03  	5.069638e-04  	5.183541e-04  	1.214651e-03  	5.195033e-04  	3.326043e-04  	3.297762e-04  	3.312939e-04  	2.834783e-04  	5.601882e-04  	3.331298e-04  	4.095839e-04  	3.297429e-04  	3.933585e-04  	3.895805e-04  	2.739535e-04  	3.049549e-04  	3.011701e-04  	4.167080e-04  	2.279251e-04  	2.976246e-04  	3.041949e-04  	2.767606e-04  	2.264013e-04  	2.202664e-04  	2.123899e-04  	2.111122e-04  	2.111122e-04  	2.098621e-04  	
	constant omega_Coefficients are: 6.482402e-03  	6.177360e-03  	5.316442e-03  	7.157479e-03  	7.157479e-03  	1.038516e-02  	2.675810e-03  	6.177360e-03  	6.177360e-03  	6.463542e-03  	4.098361e-03  	7.157479e-03  	2.868735e-03  	5.383694e-03  	2.868735e-03  	5.334870e-03  	5.383694e-03  	4.030384e-03  	4.428248e-03  	4.428248e-03  	5.227084e-03  	3.412194e-03  	4.428248e-03  	3.820380e-03  	4.030384e-03  	4.032783e-03  	3.970255e-03  	3.919333e-03  	3.919333e-03  	3.919333e-03  	3.919333e-03  	

CH is species no. 11
	Composition: 0 N	0 O	1 H	1 C
	Coefficients of the nasa polynomials ( hot[7], cold[7] ): 2.196223e+00  	2.340381e-03  	-7.058201e-07 	9.007582e-11  	-3.855040e-15 	7.086723e+04  	9.178373e+00  	3.200202e+00  	2.072875e-03  	-5.134431e-06 	5.733890e-09  	-1.955533e-12 	7.045259e+04  	3.331587e+00  
	M = 1.301900e+01  	k/eps = 1.250000e-02  	sigma = 2.750000e+00  	muCoeff = 1.273564e-06  
	constant d_Coefficients are: 6.224277e-04  	6.424577e-04  	3.379829e-03  	9.169148e-04  	9.293534e-04  	1.773231e-03  	9.554386e-04  	6.396146e-04  	6.369283e-04  	6.168102e-04  	5.601882e-04  	9.759210e-04  	6.250666e-04  	6.869136e-04  	6.218089e-04  	6.646425e-04  	6.658140e-04  	5.024576e-04  	5.484807e-04  	5.448379e-04  	8.692596e-04  	4.273694e-04  	5.414447e-04  	5.591373e-04  	5.050824e-04  	4.260237e-04  	4.147400e-04  	3.995875e-04  	3.984781e-04  	3.984781e-04  	3.973961e-04  	
	constant omega_Coefficients are: 1.132103e-02  	1.078830e-02  	9.284767e-03  	1.250000e-02  	1.250000e-02  	1.813691e-02  	4.673101e-03  	1.078830e-02  	1.078830e-02  	1.128809e-02  	7.157479e-03  	1.250000e-02  	5.010030e-03  	9.402218e-03  	5.010030e-03  	9.316950e-03  	9.402218e-03  	7.038764e-03  	7.733603e-03  	7.733603e-03  	9.128709e-03  	5.959141e-03  	7.733603e-03  	6.672006e-03  	7.038764e-03  	7.042952e-03  	6.933752e-03  	6.844821e-03  	6.844821e-03  	6.844821e-03  	6.844821e-03  	

CHO is species no. 12
	Composition: 0 N	1 O	1 H	1 C
	Coefficients of the nasa polynomials ( hot[7], cold[7] ): 3.557271e+00  	3.345572e-03  	-1.335006e-06 	2.470572e-10  	-1.713850e-14 	3.916324e+03  	5.552299e+00  	2.898329e+00  	6.199146e-03  	-9.623084e-06 	1.089825e-08  	-4.574885e-12 	4.159922e+03  	8.983614e+00  
	M = 2.901900e+01  	k/eps = 2.008032e-03  	sigma = 3.590000e+00  	muCoeff = 1.115706e-06  
	constant d_Coefficients are: 3.836694e-04  	3.886855e-04  	2.399055e-03  	5.722342e-04  	5.834881e-04  	1.294468e-03  	5.886693e-04  	3.858528e-04  	3.831688e-04  	3.806123e-04  	3.331298e-04  	6.250666e-04  	3.835648e-04  	4.551326e-04  	3.803321e-04  	4.382528e-04  	4.354281e-04  	3.146710e-04  	3.474130e-04  	3.437853e-04  	4.925930e-04  	2.647453e-04  	3.403934e-04  	3.488194e-04  	3.173386e-04  	2.633223e-04  	2.564048e-04  	2.473805e-04  	2.461930e-04  	2.461930e-04  	2.450325e-04  	
	constant omega_Coefficients are: 4.537496e-03  	4.323975e-03  	3.721357e-03  	5.010030e-03  	5.010030e-03  	7.269316e-03  	1.872990e-03  	4.323975e-03  	4.323975e-03  	4.524294e-03  	2.868735e-03  	5.010030e-03  	2.008032e-03  	3.768431e-03  	2.008032e-03  	3.734256e-03  	3.768431e-03  	2.821153e-03  	3.099647e-03  	3.099647e-03  	3.658809e-03  	2.388438e-03  	3.099647e-03  	2.674156e-03  	2.821153e-03  	2.822832e-03  	2.779065e-03  	2.743421e-03  	2.743421e-03  	2.743421e-03  	2.743421e-03  	

CH2 is species no. 13
	Composition: 0 N	0 O	2 H	1 C
	Coefficients of the nasa polynomials ( hot[7], cold[7] ): 3.636407e+00  	1.933056e-03  	-1.687016e-07 	-1.009899e-10 	1.808255e-14  	4.534134e+04  	2.156560e+00  	3.762237e+00  	1.159819e-03  	2.489585e-07  	8.800836e-10  	-7.332435e-13 	4.536790e+04  	1.712577e+00  
	M = 1.402700e+01  	k/eps = 7.072136e-03  	sigma = 3.746000e+00  	muCoeff = 7.124333e-07  
	constant d_Coefficients are: 4.539406e-04  	4.647457e-04  	2.312044e-03  	6.437817e-04  	6.528830e-04  	1.276728e-03  	6.649433e-04  	4.625780e-04  	4.605295e-04  	4.503958e-04  	4.095839e-04  	6.869136e-04  	4.551326e-04  	5.067000e-04  	4.526364e-04  	4.910310e-04  	4.905235e-04  	3.759888e-04  	4.080646e-04  	4.052194e-04  	5.971494e-04  	3.240420e-04  	4.025683e-04  	4.135799e-04  	3.780563e-04  	3.229635e-04  	3.152285e-04  	3.048677e-04  	3.039720e-04  	3.039720e-04  	3.030983e-04  	
	constant omega_Coefficients are: 8.515422e-03  	8.114713e-03  	6.983792e-03  	9.402218e-03  	9.402218e-03  	1.364217e-02  	3.515001e-03  	8.114713e-03  	8.114713e-03  	8.490647e-03  	5.383694e-03  	9.402218e-03  	3.768431e-03  	7.072136e-03  	3.768431e-03  	7.007999e-03  	7.072136e-03  	5.294399e-03  	5.817041e-03  	5.817041e-03  	6.866409e-03  	4.482331e-03  	5.817041e-03  	5.018533e-03  	5.294399e-03  	5.297550e-03  	5.215412e-03  	5.148520e-03  	5.148520e-03  	5.148520e-03  	5.148520e-03  	

CH2O is species no. 14
	Composition: 0 N	1 O	2 H	1 C
	Coefficients of the nasa polynomials ( hot[7], cold[7] ): 2.995606e+00  	6.681321e-03  	-2.628954e-06 	4.737153e-10  	-3.212517e-14 	-1.532037e+04 	6.912572e+00  	1.652731e+00  	1.263144e-02  	-1.888168e-05 	2.050031e-08  	-8.413237e-12 	-1.486540e+04 	1.378482e+01  
	M = 3.002700e+01  	k/eps = 2.008032e-03  	sigma = 3.590000e+00  	muCoeff = 1.134918e-06  
	constant d_Coefficients are: 3.804931e-04  	3.852490e-04  	2.397702e-03  	5.686739e-04  	5.799969e-04  	1.293056e-03  	5.848724e-04  	3.823907e-04  	3.796822e-04  	3.774615e-04  	3.297429e-04  	6.218089e-04  	3.803321e-04  	4.526364e-04  	3.770717e-04  	4.357351e-04  	4.328182e-04  	3.119712e-04  	3.447015e-04  	3.410449e-04  	4.877261e-04  	2.621832e-04  	3.376255e-04  	3.459290e-04  	3.146617e-04  	2.607462e-04  	2.538702e-04  	2.449113e-04  	2.437118e-04  	2.437118e-04  	2.425395e-04  	
	constant omega_Coefficients are: 4.537496e-03  	4.323975e-03  	3.721357e-03  	5.010030e-03  	5.010030e-03  	7.269316e-03  	1.872990e-03  	4.323975e-03  	4.323975e-03  	4.524294e-03  	2.868735e-03  	5.010030e-03  	2.008032e-03  	3.768431e-03  	2.008032e-03  	3.734256e-03  	3.768431e-03  	2.821153e-03  	3.099647e-03  	3.099647e-03  	3.658809e-03  	2.388438e-03  	3.099647e-03  	2.674156e-03  	2.821153e-03  	2.822832e-03  	2.779065e-03  	2.743421e-03  	2.743421e-03  	2.743421e-03  	2.743421e-03  	

CH3 is species no. 15
	Composition: 0 N	0 O	3 H	1 C
	Coefficients of the nasa polynomials ( hot[7], cold[7] ): 2.844051e+00  	6.137974e-03  	-2.230345e-06 	3.785161e-10  	-2.452159e-14 	1.643781e+04  	5.452697e+00  	2.430442e+00  	1.112410e-02  	-1.680220e-05 	1.621829e-08  	-5.864952e-12 	1.642378e+04  	6.789794e+00  
	M = 1.503500e+01  	k/eps = 6.944444e-03  	sigma = 3.800000e+00  	muCoeff = 7.167734e-07  
	constant d_Coefficients are: 4.372514e-04  	4.470579e-04  	2.264451e-03  	6.214690e-04  	6.305876e-04  	1.250988e-03  	6.413380e-04  	4.448705e-04  	4.428030e-04  	4.338621e-04  	3.933585e-04  	6.646425e-04  	4.382528e-04  	4.910310e-04  	4.357351e-04  	4.756089e-04  	4.748017e-04  	3.624132e-04  	3.937622e-04  	3.908930e-04  	5.721056e-04  	3.119747e-04  	3.882187e-04  	3.986323e-04  	3.645013e-04  	3.108823e-04  	3.034260e-04  	2.934629e-04  	2.925551e-04  	2.925551e-04  	2.916693e-04  	
	constant omega_Coefficients are: 8.438197e-03  	8.041121e-03  	6.920457e-03  	9.316950e-03  	9.316950e-03  	1.351845e-02  	3.483124e-03  	8.041121e-03  	8.041121e-03  	8.413646e-03  	5.334870e-03  	9.316950e-03  	3.734256e-03  	7.007999e-03  	3.734256e-03  	6.944444e-03  	7.007999e-03  	5.246385e-03  	5.764287e-03  	5.764287e-03  	6.804138e-03  	4.441682e-03  	5.764287e-03  	4.973020e-03  	5.246385e-03  	5.249507e-03  	5.168114e-03  	5.101828e-03  	5.101828e-03  	5.101828e-03  	5.101828e-03  	

CH4 is species no. 16
	Composition: 0 N	0 O	4 H	1 C
	Coefficients of the nasa polynomials ( hot[7], cold[7] ): 1.683478e+00  	1.023724e-02  	-3.875128e-06 	6.785585e-10  	-4.503423e-14 	-1.008079e+04 	9.623395e+00  	7.787415e-01  	1.747668e-02  	-2.783409e-05 	3.049708e-08  	-1.223931e-11 	-9.825229e+03 	1.372219e+01  
	M = 1.604300e+01  	k/eps = 7.072136e-03  	sigma = 3.746000e+00  	muCoeff = 7.619117e-07  
	constant d_Coefficients are: 4.345198e-04  	4.439803e-04  	2.302284e-03  	6.212189e-04  	6.306459e-04  	1.266607e-03  	6.410230e-04  	4.417107e-04  	4.395650e-04  	4.311274e-04  	3.895805e-04  	6.658140e-04  	4.354281e-04  	4.905235e-04  	4.328182e-04  	4.748017e-04  	4.737950e-04  	3.595175e-04  	3.912867e-04  	3.883186e-04  	5.685016e-04  	3.086979e-04  	3.855513e-04  	3.958755e-04  	3.616791e-04  	3.075656e-04  	3.001007e-04  	2.901486e-04  	2.892073e-04  	2.892073e-04  	2.882889e-04  	
	constant omega_Coefficients are: 8.515422e-03  	8.114713e-03  	6.983792e-03  	9.402218e-03  	9.402218e-03  	1.364217e-02  	3.515001e-03  	8.114713e-03  	8.114713e-03  	8.490647e-03  	5.383694e-03  	9.402218e-03  	3.768431e-03  	7.072136e-03  	3.768431e-03  	7.007999e-03  	7.072136e-03  	5.294399e-03  	5.817041e-03  	5.817041e-03  	6.866409e-03  	4.482331e-03  	5.817041e-03  	5.018533e-03  	5.294399e-03  	5.297550e-03  	5.215412e-03  	5.148520e-03  	5.148520e-03  	5.148520e-03  	5.148520e-03  	

C2H6 is species no. 17
	Composition: 0 N	0 O	6 H	2 C
	Coefficients of the nasa polynomials ( hot[7], cold[7] ): 4.825938e+00  	1.384043e-02  	-4.557258e-06 	6.724967e-10  	-3.598161e-14 	-1.271779e+04 	-5.239506e+00 	1.462539e+00  	1.549467e-02  	5.780507e-06  	-1.257832e-08 	4.586267e-12  	-1.123918e+04 	1.443229e+01  
	M = 3.007800e+01  	k/eps = 3.963535e-03  	sigma = 4.302000e+00  	muCoeff = 7.910083e-07  
	constant d_Coefficients are: 3.150508e-04  	3.176580e-04  	1.890256e-03  	4.594984e-04  	4.686532e-04  	1.050609e-03  	4.703560e-04  	3.152992e-04  	3.130639e-04  	3.127658e-04  	2.739535e-04  	5.024576e-04  	3.146710e-04  	3.759888e-04  	3.119712e-04  	3.624132e-04  	3.595175e-04  	2.623636e-04  	2.886443e-04  	2.855800e-04  	3.907730e-04  	2.224956e-04  	2.827144e-04  	2.888295e-04  	2.646282e-04  	2.212750e-04  	2.158002e-04  	2.086835e-04  	2.076604e-04  	2.076604e-04  	2.066604e-04  	
	constant omega_Coefficients are: 6.374884e-03  	6.074901e-03  	5.228262e-03  	7.038764e-03  	7.038764e-03  	1.021291e-02  	2.631428e-03  	6.074901e-03  	6.074901e-03  	6.356336e-03  	4.030384e-03  	7.038764e-03  	2.821153e-03  	5.294399e-03  	2.821153e-03  	5.246385e-03  	5.294399e-03  	3.963535e-03  	4.354800e-03  	4.354800e-03  	5.140386e-03  	3.355599e-03  	4.354800e-03  	3.757014e-03  	3.963535e-03  	3.965894e-03  	3.904404e-03  	3.854326e-03  	3.854326e-03  	3.854326e-03  	3.854326e-03  	

C2H is species no. 18
	Composition: 0 N	0 O	1 H	2 C
	Coefficients of the nasa polynomials ( hot[7], cold[7] ): 4.427688e+00  	2.216268e-03  	-6.048952e-07 	9.882517e-11  	-7.351179e-15 	6.590415e+04  	-1.199442e+00 	3.050667e+00  	6.051674e-03  	-4.956634e-06 	2.804159e-09  	-8.193332e-13 	6.630011e+04  	5.954361e+00  
	M = 2.503800e+01  	k/eps = 4.784689e-03  	sigma = 4.100000e+00  	muCoeff = 7.945651e-07  
	constant d_Coefficients are: 3.474803e-04  	3.518094e-04  	2.023038e-03  	5.043925e-04  	5.137667e-04  	1.118949e-03  	5.175997e-04  	3.494434e-04  	3.472029e-04  	3.448934e-04  	3.049549e-04  	5.484807e-04  	3.474130e-04  	4.080646e-04  	3.447015e-04  	3.937622e-04  	3.912867e-04  	2.886443e-04  	3.165930e-04  	3.135149e-04  	4.385014e-04  	2.456359e-04  	3.106391e-04  	3.178683e-04  	2.909088e-04  	2.444262e-04  	2.384024e-04  	2.305104e-04  	2.294992e-04  	2.294992e-04  	2.285115e-04  	
	constant omega_Coefficients are: 7.004187e-03  	6.674592e-03  	5.744376e-03  	7.733603e-03  	7.733603e-03  	1.122109e-02  	2.891193e-03  	6.674592e-03  	6.674592e-03  	6.983809e-03  	4.428248e-03  	7.733603e-03  	3.099647e-03  	5.817041e-03  	3.099647e-03  	5.764287e-03  	5.817041e-03  	4.354800e-03  	4.784689e-03  	4.784689e-03  	5.647825e-03  	3.686850e-03  	4.784689e-03  	4.127892e-03  	4.354800e-03  	4.357392e-03  	4.289831e-03  	4.234810e-03  	4.234810e-03  	4.234810e-03  	4.234810e-03  	

C2H2 is species no. 19
	Composition: 0 N	0 O	2 H	2 C
	Coefficients of the nasa polynomials ( hot[7], cold[7] ): 4.436770e+00  	5.376039e-03  	-1.912816e-06 	3.286379e-10  	-2.156709e-14 	2.566766e+04  	-2.800338e+00 	2.013562e+00  	1.519045e-02  	-1.616319e-05 	9.078992e-09  	-1.912746e-12 	2.612444e+04  	8.805378e+00  
	M = 2.604600e+01  	k/eps = 4.784689e-03  	sigma = 4.100000e+00  	muCoeff = 8.104014e-07  
	constant d_Coefficients are: 3.439115e-04  	3.479691e-04  	2.021522e-03  	5.004288e-04  	5.098760e-04  	1.117334e-03  	5.133915e-04  	3.455768e-04  	3.433111e-04  	3.413513e-04  	3.011701e-04  	5.448379e-04  	3.437853e-04  	4.052194e-04  	3.410449e-04  	3.908930e-04  	3.883186e-04  	2.855800e-04  	3.135149e-04  	3.104064e-04  	4.331998e-04  	2.427220e-04  	3.075014e-04  	3.146010e-04  	2.878686e-04  	2.414977e-04  	2.355187e-04  	2.276974e-04  	2.266737e-04  	2.266737e-04  	2.256736e-04  	
	constant omega_Coefficients are: 7.004187e-03  	6.674592e-03  	5.744376e-03  	7.733603e-03  	7.733603e-03  	1.122109e-02  	2.891193e-03  	6.674592e-03  	6.674592e-03  	6.983809e-03  	4.428248e-03  	7.733603e-03  	3.099647e-03  	5.817041e-03  	3.099647e-03  	5.764287e-03  	5.817041e-03  	4.354800e-03  	4.784689e-03  	4.784689e-03  	5.647825e-03  	3.686850e-03  	4.784689e-03  	4.127892e-03  	4.354800e-03  	4.357392e-03  	4.289831e-03  	4.234810e-03  	4.234810e-03  	4.234810e-03  	4.234810e-03  	

CHCO is species no. 20
	Composition: 0 N	1 O	1 H	2 C
	Coefficients of the nasa polynomials ( hot[7], cold[7] ): 6.758073e+00  	2.000400e-03  	-2.027607e-07 	-1.041132e-10 	1.965164e-14  	1.901513e+04  	-9.071262e+00 	5.047965e+00  	4.453478e-03  	2.268282e-07  	-1.482094e-09 	2.250741e-13  	1.965891e+04  	4.818439e-01  
	M = 4.103000e+01  	k/eps = 6.666667e-03  	sigma = 2.500000e+00  	muCoeff = 2.735698e-06  
	constant d_Coefficients are: 4.927127e-04  	5.004236e-04  	3.668015e-03  	7.880868e-04  	8.054455e-04  	1.849633e-03  	8.168412e-04  	4.961121e-04  	4.920217e-04  	4.880924e-04  	4.167080e-04  	8.692596e-04  	4.925930e-04  	5.971494e-04  	4.877261e-04  	5.721056e-04  	5.685016e-04  	3.907730e-04  	4.385014e-04  	4.331998e-04  	6.651783e-04  	3.194469e-04  	4.282348e-04  	4.406308e-04  	3.946629e-04  	3.173821e-04  	3.077291e-04  	2.952520e-04  	2.935370e-04  	2.935370e-04  	2.918592e-04  	
	constant omega_Coefficients are: 8.267710e-03  	7.878658e-03  	6.780635e-03  	9.128709e-03  	9.128709e-03  	1.324532e-02  	3.412751e-03  	7.878658e-03  	7.878658e-03  	8.243656e-03  	5.227084e-03  	9.128709e-03  	3.658809e-03  	6.866409e-03  	3.658809e-03  	6.804138e-03  	6.866409e-03  	5.140386e-03  	5.647825e-03  	5.647825e-03  	6.666667e-03  	4.351941e-03  	5.647825e-03  	4.872545e-03  	5.140386e-03  	5.143445e-03  	5.063697e-03  	4.998750e-03  	4.998750e-03  	4.998750e-03  	4.998750e-03  	

C3H3 is species no. 21
	Composition: 0 N	0 O	3 H	3 C
	Coefficients of the nasa polynomials ( hot[7], cold[7] ): 8.831047e+00  	4.357194e-03  	-4.109066e-07 	-2.368723e-10 	4.376520e-14  	3.763223e+04  	-2.229632e+01 	4.754199e+00  	1.108028e-02  	2.793323e-07  	-5.479212e-09 	1.949629e-12  	3.904683e+04  	6.825550e-02  
	M = 3.906500e+01  	k/eps = 2.840909e-03  	sigma = 4.760000e+00  	muCoeff = 7.363383e-07  
	constant d_Coefficients are: 2.654813e-04  	2.659136e-04  	1.638405e-03  	3.879630e-04  	3.963856e-04  	9.223011e-04  	3.954495e-04  	2.636722e-04  	2.615461e-04  	2.636618e-04  	2.279251e-04  	4.273694e-04  	2.647453e-04  	3.240420e-04  	2.621832e-04  	3.119747e-04  	3.086979e-04  	2.224956e-04  	2.456359e-04  	2.427220e-04  	3.194469e-04  	1.880447e-04  	2.399937e-04  	2.445013e-04  	2.246645e-04  	1.868584e-04  	1.822609e-04  	1.763564e-04  	1.753575e-04  	1.753575e-04  	1.743805e-04  	
	constant omega_Coefficients are: 5.397089e-03  	5.143118e-03  	4.426339e-03  	5.959141e-03  	5.959141e-03  	8.646431e-03  	2.227814e-03  	5.143118e-03  	5.143118e-03  	5.381386e-03  	3.412194e-03  	5.959141e-03  	2.388438e-03  	4.482331e-03  	2.388438e-03  	4.441682e-03  	4.482331e-03  	3.355599e-03  	3.686850e-03  	3.686850e-03  	4.351941e-03  	2.840909e-03  	3.686850e-03  	3.180754e-03  	3.355599e-03  	3.357596e-03  	3.305537e-03  	3.263140e-03  	3.263140e-03  	3.263140e-03  	3.263140e-03  	

C2H3 is species no. 22
	Composition: 0 N	0 O	3 H	2 C
	Coefficients of the nasa polynomials ( hot[7], cold[7] ): 5.933468e+00  	4.017745e-03  	-3.966739e-07 	-1.441267e-10 	2.378643e-14  	3.185434e+04  	-8.530313e+00 	2.459276e+00  	7.371476e-03  	2.109872e-06  	-1.321642e-09 	-1.184784e-12 	3.335225e+04  	1.155620e+01  
	M = 2.705400e+01  	k/eps = 4.784689e-03  	sigma = 4.100000e+00  	muCoeff = 8.259341e-07  
	constant d_Coefficients are: 3.405752e-04  	3.443769e-04  	2.020119e-03  	4.967323e-04  	5.062485e-04  	1.115838e-03  	5.094659e-04  	3.419595e-04  	3.396696e-04  	3.380401e-04  	2.976246e-04  	5.414447e-04  	3.403934e-04  	4.025683e-04  	3.376255e-04  	3.882187e-04  	3.855513e-04  	2.827144e-04  	3.106391e-04  	3.075014e-04  	4.282348e-04  	2.399937e-04  	3.045688e-04  	3.115465e-04  	2.850260e-04  	2.387555e-04  	2.328181e-04  	2.250628e-04  	2.240271e-04  	2.240271e-04  	2.230151e-04  	
	constant omega_Coefficients are: 7.004187e-03  	6.674592e-03  	5.744376e-03  	7.733603e-03  	7.733603e-03  	1.122109e-02  	2.891193e-03  	6.674592e-03  	6.674592e-03  	6.983809e-03  	4.428248e-03  	7.733603e-03  	3.099647e-03  	5.817041e-03  	3.099647e-03  	5.764287e-03  	5.817041e-03  	4.354800e-03  	4.784689e-03  	4.784689e-03  	5.647825e-03  	3.686850e-03  	4.784689e-03  	4.127892e-03  	4.354800e-03  	4.357392e-03  	4.289831e-03  	4.234810e-03  	4.234810e-03  	4.234810e-03  	4.234810e-03  	

C2H4 is species no. 23
	Composition: 0 N	0 O	4 H	2 C
	Coefficients of the nasa polynomials ( hot[7], cold[7] ): 3.528418e+00  	1.148519e-02  	-4.418385e-06 	7.844600e-10  	-5.266848e-14 	4.428288e+03  	2.230389e+00  	-8.614880e-01 	2.796162e-02  	-3.388677e-05 	2.785152e-08  	-9.737879e-12 	5.573046e+03  	2.421148e+01  
	M = 2.806200e+01  	k/eps = 3.561254e-03  	sigma = 3.971000e+00  	muCoeff = 8.967201e-07  
	constant d_Coefficients are: 3.490142e-04  	3.529545e-04  	2.106248e-03  	5.123938e-04  	5.223467e-04  	1.156563e-03  	5.258339e-04  	3.504275e-04  	3.480335e-04  	3.463723e-04  	3.041949e-04  	5.591373e-04  	3.488194e-04  	4.135799e-04  	3.459290e-04  	3.986323e-04  	3.958755e-04  	2.888295e-04  	3.178683e-04  	3.146010e-04  	4.406308e-04  	2.445013e-04  	3.115465e-04  	3.187937e-04  	2.912364e-04  	2.432124e-04  	2.370678e-04  	2.290501e-04  	2.279724e-04  	2.279724e-04  	2.269193e-04  	
	constant omega_Coefficients are: 6.042718e-03  	5.758367e-03  	4.955842e-03  	6.672006e-03  	6.672006e-03  	9.680764e-03  	2.494317e-03  	5.758367e-03  	5.758367e-03  	6.025137e-03  	3.820380e-03  	6.672006e-03  	2.674156e-03  	5.018533e-03  	2.674156e-03  	4.973020e-03  	5.018533e-03  	3.757014e-03  	4.127892e-03  	4.127892e-03  	4.872545e-03  	3.180754e-03  	4.127892e-03  	3.561254e-03  	3.757014e-03  	3.759250e-03  	3.700963e-03  	3.653495e-03  	3.653495e-03  	3.653495e-03  	3.653495e-03  	

C2H5 is species no. 24
	Composition: 0 N	0 O	5 H	2 C
	Coefficients of the nasa polynomials ( hot[7], cold[7] ): 7.190480e+00  	6.484077e-03  	-6.428064e-07 	-2.347879e-10 	3.880877e-14  	1.067455e+04  	-1.588746e+01 	2.690701e+00  	8.719133e-03  	4.419838e-06  	9.338703e-10  	-3.927773e-12 	1.287040e+04  	1.103162e+01  
	M = 2.907000e+01  	k/eps = 3.963535e-03  	sigma = 4.302000e+00  	muCoeff = 7.776409e-07  
	constant d_Coefficients are: 3.176740e-04  	3.204844e-04  	1.891318e-03  	4.623671e-04  	4.714661e-04  	1.051752e-03  	4.734009e-04  	3.181465e-04  	3.159314e-04  	3.153698e-04  	2.767606e-04  	5.050824e-04  	3.173386e-04  	3.780563e-04  	3.146617e-04  	3.645013e-04  	3.616791e-04  	2.646282e-04  	2.909088e-04  	2.878686e-04  	3.946629e-04  	2.246645e-04  	2.850260e-04  	2.912364e-04  	2.668735e-04  	2.234557e-04  	2.179494e-04  	2.107822e-04  	2.097693e-04  	2.097693e-04  	2.087795e-04  	
	constant omega_Coefficients are: 6.374884e-03  	6.074901e-03  	5.228262e-03  	7.038764e-03  	7.038764e-03  	1.021291e-02  	2.631428e-03  	6.074901e-03  	6.074901e-03  	6.356336e-03  	4.030384e-03  	7.038764e-03  	2.821153e-03  	5.294399e-03  	2.821153e-03  	5.246385e-03  	5.294399e-03  	3.963535e-03  	4.354800e-03  	4.354800e-03  	5.140386e-03  	3.355599e-03  	4.354800e-03  	3.757014e-03  	3.963535e-03  	3.965894e-03  	3.904404e-03  	3.854326e-03  	3.854326e-03  	3.854326e-03  	3.854326e-03  	

C3H4 is species no. 25
	Composition: 0 N	0 O	4 H	3 C
	Coefficients of the nasa polynomials ( hot[7], cold[7] ): 5.729144e+00  	1.236804e-02  	-4.805626e-06 	8.601364e-10  	-5.812802e-14 	2.012984e+04  	-7.704614e+00 	-2.131968e-01 	3.358713e-02  	-3.804870e-05 	2.745838e-08  	-8.690044e-12 	2.162048e+04  	2.203795e+01  
	M = 4.007300e+01  	k/eps = 3.968254e-03  	sigma = 4.760000e+00  	muCoeff = 7.457777e-07  
	constant d_Coefficients are: 2.640832e-04  	2.644033e-04  	1.637887e-03  	3.864802e-04  	3.949344e-04  	9.217317e-04  	3.938766e-04  	2.621490e-04  	2.600105e-04  	2.622733e-04  	2.264013e-04  	4.260237e-04  	2.633223e-04  	3.229635e-04  	2.607462e-04  	3.108823e-04  	3.075656e-04  	2.212750e-04  	2.444262e-04  	2.414977e-04  	3.173821e-04  	1.868584e-04  	2.387555e-04  	2.432124e-04  	2.234557e-04  	1.856646e-04  	1.810821e-04  	1.752028e-04  	1.741973e-04  	1.741973e-04  	1.732137e-04  	
	constant omega_Coefficients are: 6.378677e-03  	6.078516e-03  	5.231374e-03  	7.042952e-03  	7.042952e-03  	1.021899e-02  	2.632994e-03  	6.078516e-03  	6.078516e-03  	6.360119e-03  	4.032783e-03  	7.042952e-03  	2.822832e-03  	5.297550e-03  	2.822832e-03  	5.249507e-03  	5.297550e-03  	3.965894e-03  	4.357392e-03  	4.357392e-03  	5.143445e-03  	3.357596e-03  	4.357392e-03  	3.759250e-03  	3.965894e-03  	3.968254e-03  	3.906727e-03  	3.856620e-03  	3.856620e-03  	3.856620e-03  	3.856620e-03  	

C3H5 is species no. 26
	Composition: 0 N	0 O	5 H	3 C
	Coefficients of the nasa polynomials ( hot[7], cold[7] ): 9.651539e+00  	8.075596e-03  	-7.965424e-07 	-4.650696e-10 	8.603281e-14  	1.530095e+04  	-2.837119e+01 	2.276486e+00  	1.985564e-02  	1.123842e-06  	-1.014576e-08 	3.441342e-12  	1.789496e+04  	1.222166e+01  
	M = 4.108100e+01  	k/eps = 3.846154e-03  	sigma = 4.850000e+00  	muCoeff = 7.273349e-07  
	constant d_Coefficients are: 2.571933e-04  	2.572928e-04  	1.594958e-03  	3.759988e-04  	3.842837e-04  	8.999732e-04  	3.829584e-04  	2.550748e-04  	2.529706e-04  	2.554495e-04  	2.202664e-04  	4.147400e-04  	2.564048e-04  	3.152285e-04  	2.538702e-04  	3.034260e-04  	3.001007e-04  	2.158002e-04  	2.384024e-04  	2.355187e-04  	3.077291e-04  	1.822609e-04  	2.328181e-04  	2.370678e-04  	2.179494e-04  	1.810821e-04  	1.766302e-04  	1.709260e-04  	1.699325e-04  	1.699325e-04  	1.689606e-04  	
	constant omega_Coefficients are: 6.279777e-03  	5.984270e-03  	5.150262e-03  	6.933752e-03  	6.933752e-03  	1.006055e-02  	2.592170e-03  	5.984270e-03  	5.984270e-03  	6.261506e-03  	3.970255e-03  	6.933752e-03  	2.779065e-03  	5.215412e-03  	2.779065e-03  	5.168114e-03  	5.215412e-03  	3.904404e-03  	4.289831e-03  	4.289831e-03  	5.063697e-03  	3.305537e-03  	4.289831e-03  	3.700963e-03  	3.904404e-03  	3.906727e-03  	3.846154e-03  	3.796824e-03  	3.796824e-03  	3.796824e-03  	3.796824e-03  	

C3H6 is species no. 27
	Composition: 0 N	0 O	6 H	3 C
	Coefficients of the nasa polynomials ( hot[7], cold[7] ): 6.732257e+00  	1.490834e-02  	-4.949899e-06 	7.212022e-10  	-3.766204e-14 	-9.235703e+02 	-1.229098e+01 	1.493307e+00  	2.092517e-02  	4.486794e-06  	-1.668912e-08 	7.158146e-12  	1.074826e+03  	1.716771e+01  
	M = 4.205000e+01  	k/eps = 3.748126e-03  	sigma = 4.982000e+00  	muCoeff = 6.973855e-07  
	constant d_Coefficients are: 2.481938e-04  	2.480467e-04  	1.535217e-03  	3.620428e-04  	3.700737e-04  	8.696877e-04  	3.684477e-04  	2.458866e-04  	2.438370e-04  	2.465368e-04  	2.123899e-04  	3.995875e-04  	2.473805e-04  	3.048677e-04  	2.449113e-04  	2.934629e-04  	2.901486e-04  	2.086835e-04  	2.305104e-04  	2.276974e-04  	2.952520e-04  	1.763564e-04  	2.250628e-04  	2.290501e-04  	2.107822e-04  	1.752028e-04  	1.709260e-04  	1.654544e-04  	1.644814e-04  	1.644814e-04  	1.635294e-04  	
	constant omega_Coefficients are: 6.199233e-03  	5.907517e-03  	5.084205e-03  	6.844821e-03  	6.844821e-03  	9.931510e-03  	2.558923e-03  	5.907517e-03  	5.907517e-03  	6.181197e-03  	3.919333e-03  	6.844821e-03  	2.743421e-03  	5.148520e-03  	2.743421e-03  	5.101828e-03  	5.148520e-03  	3.854326e-03  	4.234810e-03  	4.234810e-03  	4.998750e-03  	3.263140e-03  	4.234810e-03  	3.653495e-03  	3.854326e-03  	3.856620e-03  	3.796824e-03  	3.748126e-03  	3.748126e-03  	3.748126e-03  	3.748126e-03  	

N-C3H7 is species no. 28
	Composition: 0 N	0 O	7 H	3 C
	Coefficients of the nasa polynomials ( hot[7], cold[7] ): 7.978290e+00  	1.576113e-02  	-5.173243e-06 	7.443892e-10  	-3.824978e-14 	8.264991e+03  	-1.721513e+01 	1.922536e+00  	2.478927e-02  	1.810249e-06  	-1.783265e-08 	8.582996e-12  	1.039887e+04  	1.613369e+01  
	M = 4.306000e+01  	k/eps = 3.748126e-03  	sigma = 4.982000e+00  	muCoeff = 7.057111e-07  
	constant d_Coefficients are: 2.470272e-04  	2.467864e-04  	1.534795e-03  	3.608179e-04  	3.688755e-04  	8.692210e-04  	3.671494e-04  	2.446151e-04  	2.425548e-04  	2.453781e-04  	2.111122e-04  	3.984781e-04  	2.461930e-04  	3.039720e-04  	2.437118e-04  	2.925551e-04  	2.892073e-04  	2.076604e-04  	2.294992e-04  	2.266737e-04  	2.935370e-04  	1.753575e-04  	2.240271e-04  	2.279724e-04  	2.097693e-04  	1.741973e-04  	1.699325e-04  	1.644814e-04  	1.635025e-04  	1.635025e-04  	1.625448e-04  	
	constant omega_Coefficients are: 6.199233e-03  	5.907517e-03  	5.084205e-03  	6.844821e-03  	6.844821e-03  	9.931510e-03  	2.558923e-03  	5.907517e-03  	5.907517e-03  	6.181197e-03  	3.919333e-03  	6.844821e-03  	2.743421e-03  	5.148520e-03  	2.743421e-03  	5.101828e-03  	5.148520e-03  	3.854326e-03  	4.234810e-03  	4.234810e-03  	4.998750e-03  	3.263140e-03  	4.234810e-03  	3.653495e-03  	3.854326e-03  	3.856620e-03  	3.796824e-03  	3.748126e-03  	3.748126e-03  	3.748126e-03  	3.748126e-03  	

I-C3H7 is species no. 29
	Composition: 0 N	0 O	7 H	3 C
	Coefficients of the nasa polynomials ( hot[7], cold[7] ): 8.063369e+00  	1.574488e-02  	-5.182391e-06 	7.477245e-10  	-3.854422e-14 	7.358614e+03  	-1.865491e+01 	1.713299e+00  	2.542616e-02  	1.580808e-06  	-1.821286e-08 	8.827710e-12  	9.580554e+03  	1.625060e+01  
	M = 4.306000e+01  	k/eps = 3.748126e-03  	sigma = 4.982000e+00  	muCoeff = 7.057111e-07  
	constant d_Coefficients are: 2.470272e-04  	2.467864e-04  	1.534795e-03  	3.608179e-04  	3.688755e-04  	8.692210e-04  	3.671494e-04  	2.446151e-04  	2.425548e-04  	2.453781e-04  	2.111122e-04  	3.984781e-04  	2.461930e-04  	3.039720e-04  	2.437118e-04  	2.925551e-04  	2.892073e-04  	2.076604e-04  	2.294992e-04  	2.266737e-04  	2.935370e-04  	1.753575e-04  	2.240271e-04  	2.279724e-04  	2.097693e-04  	1.741973e-04  	1.699325e-04  	1.644814e-04  	1.635025e-04  	1.635025e-04  	1.625448e-04  	
	constant omega_Coefficients are: 6.199233e-03  	5.907517e-03  	5.084205e-03  	6.844821e-03  	6.844821e-03  	9.931510e-03  	2.558923e-03  	5.907517e-03  	5.907517e-03  	6.181197e-03  	3.919333e-03  	6.844821e-03  	2.743421e-03  	5.148520e-03  	2.743421e-03  	5.101828e-03  	5.148520e-03  	3.854326e-03  	4.234810e-03  	4.234810e-03  	4.998750e-03  	3.263140e-03  	4.234810e-03  	3.653495e-03  	3.854326e-03  	3.856620e-03  	3.796824e-03  	3.748126e-03  	3.748126e-03  	3.748126e-03  	3.748126e-03  	

C3H8 is species no. 30
	Composition: 0 N	0 O	8 H	3 C
	Coefficients of the nasa polynomials ( hot[7], cold[7] ): 7.525217e+00  	1.889034e-02  	-6.283924e-06 	9.179373e-10  	-4.812410e-14 	-1.646455e+04 	-1.784390e+01 	8.969208e-01  	2.668986e-02  	5.431425e-06  	-2.126000e-08 	9.243330e-12  	-1.395492e+04 	1.935533e+01  
	M = 4.409000e+01  	k/eps = 3.748126e-03  	sigma = 4.982000e+00  	muCoeff = 7.141016e-07  
	constant d_Coefficients are: 2.458873e-04  	2.455544e-04  	1.534385e-03  	3.596226e-04  	3.677064e-04  	8.687668e-04  	3.658821e-04  	2.433721e-04  	2.413012e-04  	2.442459e-04  	2.098621e-04  	3.973961e-04  	2.450325e-04  	3.030983e-04  	2.425395e-04  	2.916693e-04  	2.882889e-04  	2.066604e-04  	2.285115e-04  	2.256736e-04  	2.918592e-04  	1.743805e-04  	2.230151e-04  	2.269193e-04  	2.087795e-04  	1.732137e-04  	1.689606e-04  	1.635294e-04  	1.625448e-04  	1.625448e-04  	1.615814e-04  	
	constant omega_Coefficients are: 6.199233e-03  	5.907517e-03  	5.084205e-03  	6.844821e-03  	6.844821e-03  	9.931510e-03  	2.558923e-03  	5.907517e-03  	5.907517e-03  	6.181197e-03  	3.919333e-03  	6.844821e-03  	2.743421e-03  	5.148520e-03  	2.743421e-03  	5.101828e-03  	5.148520e-03  	3.854326e-03  	4.234810e-03  	4.234810e-03  	4.998750e-03  	3.263140e-03  	4.234810e-03  	3.653495e-03  	3.854326e-03  	3.856620e-03  	3.796824e-03  	3.748126e-03  	3.748126e-03  	3.748126e-03  	3.748126e-03  	


The List 'Used Third Bodies' has 1 Items.
Used Third Bodies are M1.


The List 'Third Body Coefficients' has 1 Items.
The different third body efficiencies are:
Nr.0: [M1] = 0.4[N2] + 0.4[O2] + 1[H] + 1[OH] 
				+ 1[O] + 1[H2] + 6.5[H2O] + 1[HO2] 
				+ 1[H2O2] + 0.75[CO] + 1.5[CO2] + 1[CH] 
				+ 1[CHO] + 1[CH2] + 1[CH2O] + 1[CH3] 
				+ 6.5[CH4] + 1[C2H6] + 1[C2H] + 1[C2H2] 
				+ 1[CHCO] + 1[C3H3] + 1[C2H3] + 1[C2H4] 
				+ 1[C2H5] + 1[C3H4] + 1[C3H5] + 1[C3H6] 
				+ 1[N-C3H7] + 1[I-C3H7] + 1[C3H8] 


The List 'Reactions' has 107 Items.
Reaction "1f" (id=0) (no. 0):
	Order of Reaction is 2
	O2 + H -> OH + O

	A = 2e+14
	n = 0
	E = 70.3

Reaction "1b" (id=1) (no. 1):
	Order of Reaction is 2
	OH + O -> O2 + H

	A = 1.568e+13
	n = 0
	E = 3.52

Reaction "2f" (id=2) (no. 2):
	Order of Reaction is 2
	H2 + O -> OH + H

	A = 50600
	n = 2.67
	E = 26.3

Reaction "2b" (id=3) (no. 3):
	Order of Reaction is 2
	OH + H -> H2 + O

	A = 22220
	n = 2.67
	E = 18.29

Reaction "3f" (id=4) (no. 4):
	Order of Reaction is 2
	H2 + OH -> H2O + H

	A = 1e+08
	n = 1.6
	E = 13.8

Reaction "3b" (id=5) (no. 5):
	Order of Reaction is 2
	H2O + H -> H2 + OH

	A = 4.312e+08
	n = 1.6
	E = 76.46

Reaction "4f" (id=6) (no. 6):
	Order of Reaction is 2
	2 OH -> H2O + O

	A = 1.5e+09
	n = 1.14
	E = 0.42

Reaction "4b" (id=7) (no. 7):
	Order of Reaction is 2
	H2O + O -> 2 OH

	A = 1.473e+10
	n = 1.14
	E = 71.09

Reaction "5f" (id=8) (no. 8):
	Order of Reaction is 3
	O2 + H + M1 -> HO2 + M1

	A = 2.3e+18
	n = -0.8
	E = 0

Reaction "5b" (id=9) (no. 9):
	Order of Reaction is 2
	HO2 + M1 -> O2 + H + M1

	A = 3.19e+18
	n = -0.8
	E = 195.39

Reaction "6" (id=10) (no. 10):
	Order of Reaction is 2
	HO2 + H -> 2 OH

	A = 1.5e+14
	n = 0
	E = 4.2

Reaction "7" (id=11) (no. 11):
	Order of Reaction is 2
	HO2 + H -> H2 + O2

	A = 2.5e+13
	n = 0
	E = 2.9

Reaction "8" (id=12) (no. 12):
	Order of Reaction is 2
	HO2 + OH -> H2O + O2

	A = 6e+13
	n = 0
	E = 0

Reaction "9" (id=13) (no. 13):
	Order of Reaction is 2
	HO2 + H -> H2O + O

	A = 3e+13
	n = 0
	E = 7.2

Reaction "10" (id=14) (no. 14):
	Order of Reaction is 2
	HO2 + O -> OH + O2

	A = 1.8e+13
	n = 0
	E = -1.7

Reaction "11" (id=15) (no. 15):
	Order of Reaction is 2
	2 HO2 -> H2O2 + O2

	A = 2.5e+11
	n = 0
	E = -5.2

Reaction "12f" (id=16) (no. 16):
	Order of Reaction is 3
	2 OH + M1 -> H2O2 + M1

	A = 3.25e+22
	n = -2
	E = 0

Reaction "12b" (id=17) (no. 17):
	Order of Reaction is 2
	H2O2 + M1 -> 2 OH + M1

	A = 1.692e+24
	n = -2
	E = 202.29

Reaction "13" (id=18) (no. 18):
	Order of Reaction is 2
	H2O2 + H -> H2O + OH

	A = 1e+13
	n = 0
	E = 15

Reaction "14f" (id=19) (no. 19):
	Order of Reaction is 2
	H2O2 + OH -> H2O + HO2

	A = 5.4e+12
	n = 0
	E = 4.2

Reaction "14b" (id=20) (no. 20):
	Order of Reaction is 2
	H2O + HO2 -> H2O2 + OH

	A = 1.802e+13
	n = 0
	E = 134.75

Reaction "15" (id=21) (no. 21):
	Order of Reaction is 3
	2 H + M1 -> H2 + M1

	A = 1.8e+18
	n = -1
	E = 0

Reaction "16" (id=22) (no. 22):
	Order of Reaction is 3
	OH + H + M1 -> H2O + M1

	A = 2.2e+22
	n = -2
	E = 0

Reaction "17" (id=23) (no. 23):
	Order of Reaction is 3
	2 O + M1 -> O2 + M1

	A = 2.9e+17
	n = -1
	E = 0

Reaction "18f" (id=24) (no. 24):
	Order of Reaction is 2
	CO + OH -> CO2 + H

	A = 4.4e+06
	n = 1.5
	E = -3.1

Reaction "18b" (id=25) (no. 25):
	Order of Reaction is 2
	CO2 + H -> CO + OH

	A = 4.956e+08
	n = 1.5
	E = 89.76

Reaction "19" (id=26) (no. 26):
	Order of Reaction is 2
	CH + O2 -> CHO + O

	A = 3e+13
	n = 0
	E = 0

Reaction "20" (id=27) (no. 27):
	Order of Reaction is 2
	CO2 + CH -> CHO + CO

	A = 3.4e+12
	n = 0
	E = 2.9

Reaction "21" (id=28) (no. 28):
	Order of Reaction is 2
	CHO + H -> CO + H2

	A = 2e+14
	n = 0
	E = 0

Reaction "22" (id=29) (no. 29):
	Order of Reaction is 2
	CHO + OH -> CO + H2O

	A = 1e+14
	n = 0
	E = 0

Reaction "23" (id=30) (no. 30):
	Order of Reaction is 2
	CHO + O2 -> CO + HO2

	A = 3e+12
	n = 0
	E = 0

Reaction "24f" (id=31) (no. 31):
	Order of Reaction is 2
	CHO + M1 -> CO + H + M1

	A = 7.1e+14
	n = 0
	E = 70.3

Reaction "24b" (id=32) (no. 32):
	Order of Reaction is 3
	CO + H + M1 -> CHO + M1

	A = 1.136e+15
	n = 0
	E = 9.97

Reaction "25f" (id=33) (no. 33):
	Order of Reaction is 2
	CH2 + H -> CH + H2

	A = 8.4e+09
	n = 1.5
	E = 1.4

Reaction "25b" (id=34) (no. 34):
	Order of Reaction is 2
	CH + H2 -> CH2 + H

	A = 5.83e+09
	n = 1.5
	E = 13.08

Reaction "26" (id=35) (no. 35):
	Order of Reaction is 2
	CH2 + O -> CO + 2 H

	A = 8e+13
	n = 0
	E = 0

Reaction "27" (id=36) (no. 36):
	Order of Reaction is 2
	CH2 + O2 -> CO + OH + H

	A = 6.5e+12
	n = 0
	E = 6.3

Reaction "28" (id=37) (no. 37):
	Order of Reaction is 2
	CH2 + O2 -> CO2 + 2 H

	A = 6.5e+12
	n = 0
	E = 6.3

Reaction "29" (id=38) (no. 38):
	Order of Reaction is 2
	CH2O + H -> CHO + H2

	A = 2.5e+13
	n = 0
	E = 16.7

Reaction "30" (id=39) (no. 39):
	Order of Reaction is 2
	CH2O + O -> CHO + OH

	A = 3.5e+13
	n = 0
	E = 14.6

Reaction "31" (id=40) (no. 40):
	Order of Reaction is 2
	CH2O + OH -> CHO + H2O

	A = 3e+13
	n = 0
	E = 5

Reaction "32" (id=41) (no. 41):
	Order of Reaction is 2
	CH2O + M1 -> CHO + H + M1

	A = 1.4e+17
	n = 0
	E = 320

Reaction "33f" (id=42) (no. 42):
	Order of Reaction is 2
	CH3 + H -> CH2 + H2

	A = 1.8e+14
	n = 0
	E = 63

Reaction "33b" (id=43) (no. 43):
	Order of Reaction is 2
	CH2 + H2 -> CH3 + H

	A = 3.68e+13
	n = 0
	E = 44.3

Reaction "34" (id=44) (no. 44):
	Order of Reaction is 3
	CH3 + H -> CH4

	A = 6.257e+23
	n = -1.8
	E = 0

	A_inf = 2.108e+14
	n_inf = 0
	E_inf = 0
	this reaction uses the broadeningfactor no. 0

	fca = 0.577	fcTa = 2370
	fcb = 0	fcTb = 0
	fcc = 0	fcTc = 0

Reaction "35" (id=45) (no. 45):
	Order of Reaction is 2
	CH3 + O -> CH2O + H

	A = 7e+13
	n = 0
	E = 0

Reaction "36" (id=46) (no. 46):
	Order of Reaction is 3
	2 CH3 -> C2H6

	A = 1.27e+41
	n = -7
	E = 11.56

	A_inf = 3.613e+13
	n_inf = 0
	E_inf = 0
	this reaction uses the broadeningfactor no. 1

	fca = 0.38	fcTa = 73
	fcb = 0.62	fcTb = 1180
	fcc = 0	fcTc = 0

Reaction "37" (id=47) (no. 47):
	Order of Reaction is 2
	CH3 + O2 -> CH2O + OH

	A = 3.4e+11
	n = 0
	E = 37.4

Reaction "38f" (id=48) (no. 48):
	Order of Reaction is 2
	CH4 + H -> CH3 + H2

	A = 22000
	n = 3
	E = 36.6

Reaction "38b" (id=49) (no. 49):
	Order of Reaction is 2
	CH3 + H2 -> CH4 + H

	A = 839.1
	n = 3
	E = 34.56

Reaction "39" (id=50) (no. 50):
	Order of Reaction is 2
	CH4 + O -> CH3 + OH

	A = 1.2e+07
	n = 2.1
	E = 31.9

Reaction "40f" (id=51) (no. 51):
	Order of Reaction is 2
	CH4 + OH -> CH3 + H2O

	A = 1.6e+06
	n = 2.1
	E = 10.3

Reaction "40b" (id=52) (no. 52):
	Order of Reaction is 2
	CH3 + H2O -> CH4 + OH

	A = 263100
	n = 2.1
	E = 70.92

Reaction "41f" (id=53) (no. 53):
	Order of Reaction is 2
	C2H + H2 -> C2H2 + H

	A = 1.1e+13
	n = 0
	E = 12

Reaction "41b" (id=54) (no. 54):
	Order of Reaction is 2
	C2H2 + H -> C2H + H2

	A = 5.27e+13
	n = 0
	E = 119.95

Reaction "42" (id=55) (no. 55):
	Order of Reaction is 2
	C2H + O2 -> CHCO + O

	A = 5e+13
	n = 0
	E = 6.3

Reaction "43f" (id=56) (no. 56):
	Order of Reaction is 2
	CHCO + H -> CH2 + CO

	A = 3e+13
	n = 0
	E = 0

Reaction "43b" (id=57) (no. 57):
	Order of Reaction is 2
	CH2 + CO -> CHCO + H

	A = 2.361e+12
	n = 0
	E = -29.39

Reaction "44" (id=58) (no. 58):
	Order of Reaction is 2
	CHCO + O -> 2 CO + H

	A = 1e+14
	n = 0
	E = 0

Reaction "45" (id=59) (no. 59):
	Order of Reaction is 2
	C2H2 + O -> CH2 + CO

	A = 4.1e+08
	n = 1.5
	E = 7.1

Reaction "46" (id=60) (no. 60):
	Order of Reaction is 2
	C2H2 + O -> CHCO + H

	A = 4.3e+14
	n = 0
	E = 50.7

Reaction "47f" (id=61) (no. 61):
	Order of Reaction is 2
	C2H2 + OH -> C2H + H2O

	A = 1e+13
	n = 0
	E = 29.3

Reaction "47b" (id=62) (no. 62):
	Order of Reaction is 2
	C2H + H2O -> C2H2 + OH

	A = 9e+12
	n = 0
	E = -15.98

Reaction "48" (id=63) (no. 63):
	Order of Reaction is 2
	C2H2 + CH -> C3H3

	A = 3e+13
	n = 0
	E = 0

Reaction "49" (id=64) (no. 64):
	Order of Reaction is 2
	C2H3 + H -> C2H2 + H2

	A = 3e+13
	n = 0
	E = 0

Reaction "50" (id=65) (no. 65):
	Order of Reaction is 2
	C2H3 + O2 -> C2H2 + HO2

	A = 5.4e+11
	n = 0
	E = 0

Reaction "51f" (id=66) (no. 66):
	Order of Reaction is 2
	C2H3 -> C2H2 + H

	A = 1.187e+42
	n = -7.5
	E = 190.4

	A_inf = 2e+14
	n_inf = 0
	E_inf = 166.29
	this reaction uses the broadeningfactor no. 2

	fca = 0	fcTa = 0
	fcb = 0	fcTb = 0
	fcc = 0.35	fcTc = 0

Reaction "51b" (id=67) (no. 67):
	Order of Reaction is 3
	C2H2 + H -> C2H3

	A = 6.245e+41
	n = -7.5
	E = 27.5

	A_inf = 1.053e+14
	n_inf = 0
	E_inf = 3.39
	this reaction uses the broadeningfactor no. 2

	fca = 0	fcTa = 0
	fcb = 0	fcTb = 0
	fcc = 0.35	fcTc = 0

Reaction "52f" (id=68) (no. 68):
	Order of Reaction is 2
	C2H4 + H -> C2H3 + H2

	A = 1.5e+14
	n = 0
	E = 42.7

Reaction "52b" (id=69) (no. 69):
	Order of Reaction is 2
	C2H3 + H2 -> C2H4 + H

	A = 9.605e+12
	n = 0
	E = 32.64

Reaction "53" (id=70) (no. 70):
	Order of Reaction is 2
	C2H4 + O -> CH3 + CO + H

	A = 1.6e+09
	n = 1.2
	E = 3.1

Reaction "54f" (id=71) (no. 71):
	Order of Reaction is 2
	C2H4 + OH -> C2H3 + H2O

	A = 3e+13
	n = 0
	E = 12.6

Reaction "54b" (id=72) (no. 72):
	Order of Reaction is 2
	C2H3 + H2O -> C2H4 + OH

	A = 8.283e+12
	n = 0
	E = 65.2

Reaction "55" (id=73) (no. 73):
	Order of Reaction is 2
	C2H4 + M1 -> C2H2 + H2 + M1

	A = 2.5e+17
	n = 0
	E = 319.8

Reaction "56f" (id=74) (no. 74):
	Order of Reaction is 2
	C2H5 + H -> 2 CH3

	A = 3e+13
	n = 0
	E = 0

Reaction "56b" (id=75) (no. 75):
	Order of Reaction is 2
	2 CH3 -> C2H5 + H

	A = 3.457e+12
	n = 0
	E = 49.68

Reaction "57" (id=76) (no. 76):
	Order of Reactdone
ion is 2
	C2H5 + O2 -> C2H4 + HO2

	A = 2e+12
	n = 0
	E = 20.9

Reaction "58f" (id=77) (no. 77):
	Order of Reaction is 2
	C2H5 -> C2H4 + H

	A = 1e+16
	n = 0
	E = 126

	A_inf = 1.3e+13
	n_inf = 0
	E_inf = 167
	this reaction uses the broadeningfactor no. 3

	fca = 1	fcTa = 422.8
	fcb = 0	fcTb = 0
	fcc = 0.411	fcTc = 73.4

Reaction "58b" (id=78) (no. 78):
	Order of Reaction is 3
	C2H4 + H -> C2H5

	A = 1.595e+16
	n = 0
	E = -27.39

	A_inf = 2.073e+13
	n_inf = 0
	E_inf = 13.61
	this reaction uses the broadeningfactor no. 3

	fca = 1	fcTa = 422.8
	fcb = 0	fcTb = 0
	fcc = 0.411	fcTc = 73.4

Reaction "59" (id=79) (no. 79):
	Order of Reaction is 2
	C2H6 + H -> C2H5 + H2

	A = 540
	n = 3.5
	E = 21.8

Reaction "60" (id=80) (no. 80):
	Order of Reaction is 2
	C2H6 + O -> C2H5 + OH

	A = 3e+07
	n = 2
	E = 21.4

Reaction "61" (id=81) (no. 81):
	Order of Reaction is 2
	C2H6 + OH -> C2H5 + H2O

	A = 6.3e+06
	n = 2
	E = 2.7

Reaction "62" (id=82) (no. 82):
	Order of Reaction is 2
	C3H3 + O2 -> CHCO + CH2O

	A = 6e+12
	n = 0
	E = 0

Reaction "63" (id=83) (no. 83):
	Order of Reaction is 2
	C3H3 + O -> C2H3 + CO

	A = 3.8e+13
	n = 0
	E = 0

Reaction "64f" (id=84) (no. 84):
	Order of Reaction is 1
	C3H4 -> C3H3 + H

	A = 5e+14
	n = 0
	E = 370

Reaction "64b" (id=85) (no. 85):
	Order of Reaction is 2
	C3H3 + H -> C3H4

	A = 1.7e+13
	n = 0
	E = 19.88

Reaction "65" (id=86) (no. 86):
	Order of Reaction is 2
	C3H4 + O -> C2H2 + CH2O

	A = 1e+12
	n = 0
	E = 0

Reaction "66" (id=87) (no. 87):
	Order of Reaction is 2
	C3H4 + O -> C2H3 + CHO

	A = 1e+12
	n = 0
	E = 0

Reaction "67" (id=88) (no. 88):
	Order of Reaction is 2
	C3H4 + OH -> C2H3 + CH2O

	A = 1e+12
	n = 0
	E = 0

Reaction "68" (id=89) (no. 89):
	Order of Reaction is 2
	C3H4 + OH -> C2H4 + CHO

	A = 1e+12
	n = 0
	E = 0

Reaction "69f" (id=90) (no. 90):
	Order of Reaction is 1
	C3H5 -> C3H4 + H

	A = 3.98e+13
	n = 0
	E = 293.1

Reaction "69b" (id=91) (no. 91):
	Order of Reaction is 2
	C3H4 + H -> C3H5

	A = 1.267e+13
	n = 0
	E = 32.48

Reaction "70" (id=92) (no. 92):
	Order of Reaction is 2
	C3H5 + H -> C3H4 + H2

	A = 1e+13
	n = 0
	E = 0

Reaction "71f" (id=93) (no. 93):
	Order of Reaction is 1
	C3H6 -> C2H3 + CH3

	A = 3.15e+15
	n = 0
	E = 359.3

Reaction "71b" (id=94) (no. 94):
	Order of Reaction is 2
	C2H3 + CH3 -> C3H6

	A = 2.511e+12
	n = 0
	E = -34.69

Reaction "72" (id=95) (no. 95):
	Order of Reaction is 2
	C3H6 + H -> C3H5 + H2

	A = 5e+12
	n = 0
	E = 6.3

Reaction "73" (id=96) (no. 96):
	Order of Reaction is 1
	N-C3H7 -> C2H4 + CH3

	A = 9.6e+13
	n = 0
	E = 129.8

Reaction "74f" (id=97) (no. 97):
	Order of Reaction is 1
	N-C3H7 -> C3H6 + H

	A = 1.25e+14
	n = 0
	E = 154.9

Reaction "74b" (id=98) (no. 98):
	Order of Reaction is 2
	C3H6 + H -> N-C3H7

	A = 4.609e+14
	n = 0
	E = 21.49

Reaction "75" (id=99) (no. 99):
	Order of Reaction is 1
	I-C3H7 -> C2H4 + CH3

	A = 6.3e+13
	n = 0
	E = 154.5

Reaction "76" (id=100) (no. 100):
	Order of Reaction is 2
	I-C3H7 + O2 -> C3H6 + HO2

	A = 1e+12
	n = 0
	E = 20.9

Reaction "77" (id=101) (no. 101):
	Order of Reaction is 2
	C3H8 + H -> N-C3H7 + H2

	A = 1.3e+14
	n = 0
	E = 40.6

Reaction "78" (id=102) (no. 102):
	Order of Reaction is 2
	C3H8 + H -> I-C3H7 + H2

	A = 1e+14
	n = 0
	E = 34.9

Reaction "79" (id=103) (no. 103):
	Order of Reaction is 2
	C3H8 + O -> N-C3H7 + OH

	A = 3e+13
	n = 0
	E = 24.1

Reaction "80" (id=104) (no. 104):
	Order of Reaction is 2
	C3H8 + O -> I-C3H7 + OH

	A = 2.6e+13
	n = 0
	E = 18.7

Reaction "81" (id=105) (no. 105):
	Order of Reaction is 2
	C3H8 + OH -> N-C3H7 + H2O

	A = 3.7e+12
	n = 0
	E = 6.9

Reaction "82" (id=106) (no. 106):
	Order of Reaction is 2
	C3H8 + OH -> I-C3H7 + H2O

	A = 2.8e+12
	n = 0
	E = 3.6

N2
O2
H
OH
O
H2
H2O
HO2
H2O2
CO
CO2
CH
CHO
CH2
CH2O
CH3
CH4
C2H6
C2H
C2H2
CHCO
C3H3
C2H3
C2H4
C2H5
C3H4
C3H5
C3H6
N-C3H7
I-C3H7
C3H8
